CRITICAL - 2023-05-01 07:19:13 --> The framework needs the following extension(s) installed and loaded: intl.
in SYSTEMPATH\CodeIgniter.php on line 226.
 1 SYSTEMPATH\CodeIgniter.php(226): CodeIgniter\Exceptions\FrameworkException::forMissingExtension('intl')
 2 SYSTEMPATH\CodeIgniter.php(190): CodeIgniter\CodeIgniter->resolvePlatformExtensions()
 3 ROOTPATH\spark(83): CodeIgniter\CodeIgniter->initialize()
CRITICAL - 2023-05-01 05:54:53 --> Undefined variable $title
in APPPATH\Views\layout.php on line 12.
 1 APPPATH\Views\layout.php(12): CodeIgniter\Debug\Exceptions->errorHandler(2, 'Undefined variable $title', 'C:\\xampp\\htdocs\\hungryguys-ci4-main\\app\\Views\\layout.php', 12)
 2 SYSTEMPATH\View\View.php(213): include('C:\\xampp\\htdocs\\hungryguys-ci4-main\\app\\Views\\layout.php')
 3 SYSTEMPATH\View\View.php(216): CodeIgniter\View\View->CodeIgniter\View\{closure}()
 4 SYSTEMPATH\View\View.php(229): CodeIgniter\View\View->render('layout', [], true)
 5 SYSTEMPATH\Common.php(1184): CodeIgniter\View\View->render('Client/ClientViews', [], true)
 6 APPPATH\Controllers\Client.php(9): view('Client/ClientViews')
 7 SYSTEMPATH\CodeIgniter.php(934): App\Controllers\Client->index()
 8 SYSTEMPATH\CodeIgniter.php(499): CodeIgniter\CodeIgniter->runController(Object(App\Controllers\Client))
 9 SYSTEMPATH\CodeIgniter.php(368): CodeIgniter\CodeIgniter->handleRequest(null, Object(Config\Cache), false)
10 FCPATH\index.php(67): CodeIgniter\CodeIgniter->run()
11 SYSTEMPATH\Commands\Server\rewrite.php(47): require_once('C:\\xampp\\htdocs\\hungryguys-ci4-main\\public\\index.php')
INFO - 2023-05-01 16:54:11 --> Session: Class initialized using 'CodeIgniter\Session\Handlers\FileHandler' driver.
CRITICAL - 2023-05-01 16:54:11 --> Undefined variable $errors
in APPPATH\Views\components\flashMessage.php on line 2.
 1 APPPATH\Views\components\flashMessage.php(2): CodeIgniter\Debug\Exceptions->errorHandler(2, 'Undefined variable $errors', 'C:\\xampp\\htdocs\\hungryguys-ci4-main\\app\\Views\\components\\flashMessage.php', 2)
 2 SYSTEMPATH\View\View.php(213): include('C:\\xampp\\htdocs\\hungryguys-ci4-main\\app\\Views\\components\\flashMessage.php')
 3 SYSTEMPATH\View\View.php(216): CodeIgniter\View\View->CodeIgniter\View\{closure}()
 4 SYSTEMPATH\View\View.php(431): CodeIgniter\View\View->render('components/flashMessage', null, true)
 5 APPPATH\Views\layout.php(24): CodeIgniter\View\View->include('components/flashMessage')
 6 SYSTEMPATH\View\View.php(213): include('C:\\xampp\\htdocs\\hungryguys-ci4-main\\app\\Views\\layout.php')
 7 SYSTEMPATH\View\View.php(216): CodeIgniter\View\View->CodeIgniter\View\{closure}()
 8 SYSTEMPATH\View\View.php(229): CodeIgniter\View\View->render('layout', [], true)
 9 SYSTEMPATH\Common.php(1184): CodeIgniter\View\View->render('Admin/Login', [], true)
10 APPPATH\Controllers\Admin.php(27): view('Admin/Login', [...])
11 SYSTEMPATH\CodeIgniter.php(934): App\Controllers\Admin->login()
12 SYSTEMPATH\CodeIgniter.php(499): CodeIgniter\CodeIgniter->runController(Object(App\Controllers\Admin))
13 SYSTEMPATH\CodeIgniter.php(368): CodeIgniter\CodeIgniter->handleRequest(null, Object(Config\Cache), false)
14 FCPATH\index.php(67): CodeIgniter\CodeIgniter->run()
15 SYSTEMPATH\Commands\Server\rewrite.php(47): require_once('C:\\xampp\\htdocs\\hungryguys-ci4-main\\public\\index.php')
INFO - 2023-05-01 16:56:28 --> Session: Class initialized using 'CodeIgniter\Session\Handlers\FileHandler' driver.
CRITICAL - 2023-05-01 16:56:28 --> Undefined variable $errors
in APPPATH\Views\components\flashMessage.php on line 2.
 1 APPPATH\Views\components\flashMessage.php(2): CodeIgniter\Debug\Exceptions->errorHandler(2, 'Undefined variable $errors', 'C:\\xampp\\htdocs\\hungryguys-ci4-main\\app\\Views\\components\\flashMessage.php', 2)
 2 SYSTEMPATH\View\View.php(213): include('C:\\xampp\\htdocs\\hungryguys-ci4-main\\app\\Views\\components\\flashMessage.php')
 3 SYSTEMPATH\View\View.php(216): CodeIgniter\View\View->CodeIgniter\View\{closure}()
 4 SYSTEMPATH\View\View.php(431): CodeIgniter\View\View->render('components/flashMessage', null, true)
 5 APPPATH\Views\layout.php(25): CodeIgniter\View\View->include('components/flashMessage')
 6 SYSTEMPATH\View\View.php(213): include('C:\\xampp\\htdocs\\hungryguys-ci4-main\\app\\Views\\layout.php')
 7 SYSTEMPATH\View\View.php(216): CodeIgniter\View\View->CodeIgniter\View\{closure}()
 8 SYSTEMPATH\View\View.php(229): CodeIgniter\View\View->render('layout', [], true)
 9 SYSTEMPATH\Common.php(1184): CodeIgniter\View\View->render('Admin/Login', [], true)
10 APPPATH\Controllers\Admin.php(28): view('Admin/Login', [...])
11 SYSTEMPATH\CodeIgniter.php(934): App\Controllers\Admin->login()
12 SYSTEMPATH\CodeIgniter.php(499): CodeIgniter\CodeIgniter->runController(Object(App\Controllers\Admin))
13 SYSTEMPATH\CodeIgniter.php(368): CodeIgniter\CodeIgniter->handleRequest(null, Object(Config\Cache), false)
14 FCPATH\index.php(67): CodeIgniter\CodeIgniter->run()
15 SYSTEMPATH\Commands\Server\rewrite.php(47): require_once('C:\\xampp\\htdocs\\hungryguys-ci4-main\\public\\index.php')
INFO - 2023-05-01 16:57:42 --> Session: Class initialized using 'CodeIgniter\Session\Handlers\FileHandler' driver.
INFO - 2023-05-01 16:57:54 --> Session: Class initialized using 'CodeIgniter\Session\Handlers\FileHandler' driver.
INFO - 2023-05-01 16:57:58 --> Session: Class initialized using 'CodeIgniter\Session\Handlers\FileHandler' driver.
INFO - 2023-05-01 16:58:03 --> Session: Class initialized using 'CodeIgniter\Session\Handlers\FileHandler' driver.
INFO - 2023-05-01 16:58:40 --> Session: Class initialized using 'CodeIgniter\Session\Handlers\FileHandler' driver.
INFO - 2023-05-01 16:58:59 --> Session: Class initialized using 'CodeIgniter\Session\Handlers\FileHandler' driver.
INFO - 2023-05-01 16:59:02 --> Session: Class initialized using 'CodeIgniter\Session\Handlers\FileHandler' driver.
CRITICAL - 2023-05-01 16:59:03 --> The route for "http://localhost:8080/index.php/admin/login" cannot be found.
in SYSTEMPATH\HTTP\RedirectResponse.php on line 60.
 1 SYSTEMPATH\HTTP\RedirectResponse.php(60): CodeIgniter\HTTP\Exceptions\HTTPException::forInvalidRedirectRoute('http://localhost:8080/index.php/admin/login')
 2 SYSTEMPATH\Common.php(880): CodeIgniter\HTTP\RedirectResponse->route(false)
 3 APPPATH\Controllers\Admin.php(26): redirect('http://localhost:8080/index.php/admin/login')
 4 SYSTEMPATH\CodeIgniter.php(934): App\Controllers\Admin->login()
 5 SYSTEMPATH\CodeIgniter.php(499): CodeIgniter\CodeIgniter->runController(Object(App\Controllers\Admin))
 6 SYSTEMPATH\CodeIgniter.php(368): CodeIgniter\CodeIgniter->handleRequest(null, Object(Config\Cache), false)
 7 FCPATH\index.php(67): CodeIgniter\CodeIgniter->run()
 8 SYSTEMPATH\Commands\Server\rewrite.php(47): require_once('C:\\xampp\\htdocs\\hungryguys-ci4-main\\public\\index.php')
INFO - 2023-05-01 16:59:45 --> Session: Class initialized using 'CodeIgniter\Session\Handlers\FileHandler' driver.
INFO - 2023-05-01 17:00:43 --> Session: Class initialized using 'CodeIgniter\Session\Handlers\FileHandler' driver.
INFO - 2023-05-01 17:06:18 --> Session: Class initialized using 'CodeIgniter\Session\Handlers\FileHandler' driver.
INFO - 2023-05-01 17:06:29 --> Session: Class initialized using 'CodeIgniter\Session\Handlers\FileHandler' driver.
INFO - 2023-05-01 17:06:48 --> Session: Class initialized using 'CodeIgniter\Session\Handlers\FileHandler' driver.
INFO - 2023-05-01 17:07:59 --> Session: Class initialized using 'CodeIgniter\Session\Handlers\FileHandler' driver.
INFO - 2023-05-01 17:08:07 --> Session: Class initialized using 'CodeIgniter\Session\Handlers\FileHandler' driver.
INFO - 2023-05-01 17:08:17 --> Session: Class initialized using 'CodeIgniter\Session\Handlers\FileHandler' driver.
INFO - 2023-05-01 17:11:17 --> Session: Class initialized using 'CodeIgniter\Session\Handlers\FileHandler' driver.
INFO - 2023-05-01 17:11:41 --> Session: Class initialized using 'CodeIgniter\Session\Handlers\FileHandler' driver.
INFO - 2023-05-01 17:11:53 --> Session: Class initialized using 'CodeIgniter\Session\Handlers\FileHandler' driver.
INFO - 2023-05-01 17:12:05 --> Session: Class initialized using 'CodeIgniter\Session\Handlers\FileHandler' driver.
INFO - 2023-05-01 17:12:57 --> Session: Class initialized using 'CodeIgniter\Session\Handlers\FileHandler' driver.
INFO - 2023-05-01 17:13:16 --> Session: Class initialized using 'CodeIgniter\Session\Handlers\FileHandler' driver.
INFO - 2023-05-01 17:15:29 --> Session: Class initialized using 'CodeIgniter\Session\Handlers\FileHandler' driver.
INFO - 2023-05-01 17:16:08 --> Session: Class initialized using 'CodeIgniter\Session\Handlers\FileHandler' driver.
INFO - 2023-05-01 17:16:19 --> Session: Class initialized using 'CodeIgniter\Session\Handlers\FileHandler' driver.
INFO - 2023-05-01 17:16:29 --> Session: Class initialized using 'CodeIgniter\Session\Handlers\FileHandler' driver.
INFO - 2023-05-01 17:16:33 --> Session: Class initialized using 'CodeIgniter\Session\Handlers\FileHandler' driver.
INFO - 2023-05-01 17:16:44 --> Session: Class initialized using 'CodeIgniter\Session\Handlers\FileHandler' driver.
INFO - 2023-05-01 17:17:46 --> Session: Class initialized using 'CodeIgniter\Session\Handlers\FileHandler' driver.
CRITICAL - 2023-05-01 17:17:46 --> Array to string conversion
in APPPATH\Views\components\flashMessage.php on line 16.
 1 APPPATH\Views\components\flashMessage.php(16): CodeIgniter\Debug\Exceptions->errorHandler(2, 'Array to string conversion', 'C:\\xampp\\htdocs\\hungryguys-ci4-main\\app\\Views\\components\\flashMessage.php', 16)
 2 SYSTEMPATH\View\View.php(213): include('C:\\xampp\\htdocs\\hungryguys-ci4-main\\app\\Views\\components\\flashMessage.php')
 3 SYSTEMPATH\View\View.php(216): CodeIgniter\View\View->CodeIgniter\View\{closure}()
 4 SYSTEMPATH\View\View.php(431): CodeIgniter\View\View->render('components/flashMessage', null, true)
 5 APPPATH\Views\layout.php(20): CodeIgniter\View\View->include('components/flashMessage')
 6 SYSTEMPATH\View\View.php(213): include('C:\\xampp\\htdocs\\hungryguys-ci4-main\\app\\Views\\layout.php')
 7 SYSTEMPATH\View\View.php(216): CodeIgniter\View\View->CodeIgniter\View\{closure}()
 8 SYSTEMPATH\View\View.php(229): CodeIgniter\View\View->render('layout', [], true)
 9 SYSTEMPATH\Common.php(1184): CodeIgniter\View\View->render('Admin/Login', [], true)
10 APPPATH\Controllers\Admin.php(31): view('Admin/Login', [...])
11 SYSTEMPATH\CodeIgniter.php(934): App\Controllers\Admin->login()
12 SYSTEMPATH\CodeIgniter.php(499): CodeIgniter\CodeIgniter->runController(Object(App\Controllers\Admin))
13 SYSTEMPATH\CodeIgniter.php(368): CodeIgniter\CodeIgniter->handleRequest(null, Object(Config\Cache), false)
14 FCPATH\index.php(67): CodeIgniter\CodeIgniter->run()
15 SYSTEMPATH\Commands\Server\rewrite.php(47): require_once('C:\\xampp\\htdocs\\hungryguys-ci4-main\\public\\index.php')
INFO - 2023-05-01 17:18:18 --> Session: Class initialized using 'CodeIgniter\Session\Handlers\FileHandler' driver.
INFO - 2023-05-01 17:18:26 --> Session: Class initialized using 'CodeIgniter\Session\Handlers\FileHandler' driver.
INFO - 2023-05-01 17:18:58 --> Session: Class initialized using 'CodeIgniter\Session\Handlers\FileHandler' driver.
CRITICAL - 2023-05-01 17:18:58 --> Undefined array key "username"
in APPPATH\Controllers\Admin.php on line 30.
 1 APPPATH\Controllers\Admin.php(30): CodeIgniter\Debug\Exceptions->errorHandler(2, 'Undefined array key "username"', 'C:\\xampp\\htdocs\\hungryguys-ci4-main\\app\\Controllers\\Admin.php', 30)
 2 SYSTEMPATH\CodeIgniter.php(934): App\Controllers\Admin->login()
 3 SYSTEMPATH\CodeIgniter.php(499): CodeIgniter\CodeIgniter->runController(Object(App\Controllers\Admin))
 4 SYSTEMPATH\CodeIgniter.php(368): CodeIgniter\CodeIgniter->handleRequest(null, Object(Config\Cache), false)
 5 FCPATH\index.php(67): CodeIgniter\CodeIgniter->run()
 6 SYSTEMPATH\Commands\Server\rewrite.php(47): require_once('C:\\xampp\\htdocs\\hungryguys-ci4-main\\public\\index.php')
INFO - 2023-05-01 17:19:19 --> Session: Class initialized using 'CodeIgniter\Session\Handlers\FileHandler' driver.
CRITICAL - 2023-05-01 17:19:19 --> Attempt to read property "username" on array
in APPPATH\Controllers\Admin.php on line 30.
 1 APPPATH\Controllers\Admin.php(30): CodeIgniter\Debug\Exceptions->errorHandler(2, 'Attempt to read property "username" on array', 'C:\\xampp\\htdocs\\hungryguys-ci4-main\\app\\Controllers\\Admin.php', 30)
 2 SYSTEMPATH\CodeIgniter.php(934): App\Controllers\Admin->login()
 3 SYSTEMPATH\CodeIgniter.php(499): CodeIgniter\CodeIgniter->runController(Object(App\Controllers\Admin))
 4 SYSTEMPATH\CodeIgniter.php(368): CodeIgniter\CodeIgniter->handleRequest(null, Object(Config\Cache), false)
 5 FCPATH\index.php(67): CodeIgniter\CodeIgniter->run()
 6 SYSTEMPATH\Commands\Server\rewrite.php(47): require_once('C:\\xampp\\htdocs\\hungryguys-ci4-main\\public\\index.php')
INFO - 2023-05-01 17:19:28 --> Session: Class initialized using 'CodeIgniter\Session\Handlers\FileHandler' driver.
INFO - 2023-05-01 17:19:40 --> Session: Class initialized using 'CodeIgniter\Session\Handlers\FileHandler' driver.
INFO - 2023-05-01 17:20:07 --> Session: Class initialized using 'CodeIgniter\Session\Handlers\FileHandler' driver.
INFO - 2023-05-01 17:20:53 --> Session: Class initialized using 'CodeIgniter\Session\Handlers\FileHandler' driver.
INFO - 2023-05-01 17:21:03 --> Session: Class initialized using 'CodeIgniter\Session\Handlers\FileHandler' driver.
INFO - 2023-05-01 17:21:14 --> Session: Class initialized using 'CodeIgniter\Session\Handlers\FileHandler' driver.
ERROR - 2023-05-01 17:28:16 --> mysqli_sql_exception: You have an error in your SQL syntax; check the manual that corresponds to your MariaDB server version for the right syntax to use near 'username"]"' at line 1 in C:\xampp\htdocs\hungryguys-ci4-main\system\Database\MySQLi\Connection.php:295
Stack trace:
#0 C:\xampp\htdocs\hungryguys-ci4-main\system\Database\MySQLi\Connection.php(295): mysqli->query('SELECT * FROM a...', 0)
#1 C:\xampp\htdocs\hungryguys-ci4-main\system\Database\BaseConnection.php(692): CodeIgniter\Database\MySQLi\Connection->execute('SELECT * FROM a...')
#2 C:\xampp\htdocs\hungryguys-ci4-main\system\Database\BaseConnection.php(606): CodeIgniter\Database\BaseConnection->simpleQuery('SELECT * FROM a...')
#3 C:\xampp\htdocs\hungryguys-ci4-main\app\Controllers\Admin.php(27): CodeIgniter\Database\BaseConnection->query('SELECT * FROM a...')
#4 C:\xampp\htdocs\hungryguys-ci4-main\system\CodeIgniter.php(934): App\Controllers\Admin->login()
#5 C:\xampp\htdocs\hungryguys-ci4-main\system\CodeIgniter.php(499): CodeIgniter\CodeIgniter->runController(Object(App\Controllers\Admin))
#6 C:\xampp\htdocs\hungryguys-ci4-main\system\CodeIgniter.php(368): CodeIgniter\CodeIgniter->handleRequest(NULL, Object(Config\Cache), false)
#7 C:\xampp\htdocs\hungryguys-ci4-main\public\index.php(67): CodeIgniter\CodeIgniter->run()
#8 C:\xampp\htdocs\hungryguys-ci4-main\system\Commands\Server\rewrite.php(47): require_once('C:\\xampp\\htdocs...')
#9 {main}
CRITICAL - 2023-05-01 17:28:16 --> You have an error in your SQL syntax; check the manual that corresponds to your MariaDB server version for the right syntax to use near 'username"]"' at line 1
in SYSTEMPATH\Database\MySQLi\Connection.php on line 295.
 1 SYSTEMPATH\Database\MySQLi\Connection.php(295): mysqli->query('SELECT * FROM admin where username = "$postdata["username"]"', 0)
 2 SYSTEMPATH\Database\BaseConnection.php(692): CodeIgniter\Database\MySQLi\Connection->execute('SELECT * FROM admin where username = "$postdata["username"]"')
 3 SYSTEMPATH\Database\BaseConnection.php(606): CodeIgniter\Database\BaseConnection->simpleQuery('SELECT * FROM admin where username = "$postdata["username"]"')
 4 APPPATH\Controllers\Admin.php(27): CodeIgniter\Database\BaseConnection->query('SELECT * FROM admin where username = "$postdata["username"]"')
 5 SYSTEMPATH\CodeIgniter.php(934): App\Controllers\Admin->login()
 6 SYSTEMPATH\CodeIgniter.php(499): CodeIgniter\CodeIgniter->runController(Object(App\Controllers\Admin))
 7 SYSTEMPATH\CodeIgniter.php(368): CodeIgniter\CodeIgniter->handleRequest(null, Object(Config\Cache), false)
 8 FCPATH\index.php(67): CodeIgniter\CodeIgniter->run()
 9 SYSTEMPATH\Commands\Server\rewrite.php(47): require_once('C:\\xampp\\htdocs\\hungryguys-ci4-main\\public\\index.php')
INFO - 2023-05-01 17:28:44 --> Session: Class initialized using 'CodeIgniter\Session\Handlers\FileHandler' driver.
INFO - 2023-05-01 17:29:02 --> Session: Class initialized using 'CodeIgniter\Session\Handlers\FileHandler' driver.
ERROR - 2023-05-01 17:29:23 --> mysqli_sql_exception: You have an error in your SQL syntax; check the manual that corresponds to your MariaDB server version for the right syntax to use near 'username"]"' at line 1 in C:\xampp\htdocs\hungryguys-ci4-main\system\Database\MySQLi\Connection.php:295
Stack trace:
#0 C:\xampp\htdocs\hungryguys-ci4-main\system\Database\MySQLi\Connection.php(295): mysqli->query('SELECT * FROM a...', 0)
#1 C:\xampp\htdocs\hungryguys-ci4-main\system\Database\BaseConnection.php(692): CodeIgniter\Database\MySQLi\Connection->execute('SELECT * FROM a...')
#2 C:\xampp\htdocs\hungryguys-ci4-main\system\Database\BaseConnection.php(606): CodeIgniter\Database\BaseConnection->simpleQuery('SELECT * FROM a...')
#3 C:\xampp\htdocs\hungryguys-ci4-main\app\Controllers\Admin.php(28): CodeIgniter\Database\BaseConnection->query('SELECT * FROM a...')
#4 C:\xampp\htdocs\hungryguys-ci4-main\system\CodeIgniter.php(934): App\Controllers\Admin->login()
#5 C:\xampp\htdocs\hungryguys-ci4-main\system\CodeIgniter.php(499): CodeIgniter\CodeIgniter->runController(Object(App\Controllers\Admin))
#6 C:\xampp\htdocs\hungryguys-ci4-main\system\CodeIgniter.php(368): CodeIgniter\CodeIgniter->handleRequest(NULL, Object(Config\Cache), false)
#7 C:\xampp\htdocs\hungryguys-ci4-main\public\index.php(67): CodeIgniter\CodeIgniter->run()
#8 C:\xampp\htdocs\hungryguys-ci4-main\system\Commands\Server\rewrite.php(47): require_once('C:\\xampp\\htdocs...')
#9 {main}
CRITICAL - 2023-05-01 17:29:23 --> You have an error in your SQL syntax; check the manual that corresponds to your MariaDB server version for the right syntax to use near 'username"]"' at line 1
in SYSTEMPATH\Database\MySQLi\Connection.php on line 295.
 1 SYSTEMPATH\Database\MySQLi\Connection.php(295): mysqli->query('SELECT * FROM admin where username = "$postdata["username"]"', 0)
 2 SYSTEMPATH\Database\BaseConnection.php(692): CodeIgniter\Database\MySQLi\Connection->execute('SELECT * FROM admin where username = "$postdata["username"]"')
 3 SYSTEMPATH\Database\BaseConnection.php(606): CodeIgniter\Database\BaseConnection->simpleQuery('SELECT * FROM admin where username = "$postdata["username"]"')
 4 APPPATH\Controllers\Admin.php(28): CodeIgniter\Database\BaseConnection->query('SELECT * FROM admin where username = "$postdata["username"]"')
 5 SYSTEMPATH\CodeIgniter.php(934): App\Controllers\Admin->login()
 6 SYSTEMPATH\CodeIgniter.php(499): CodeIgniter\CodeIgniter->runController(Object(App\Controllers\Admin))
 7 SYSTEMPATH\CodeIgniter.php(368): CodeIgniter\CodeIgniter->handleRequest(null, Object(Config\Cache), false)
 8 FCPATH\index.php(67): CodeIgniter\CodeIgniter->run()
 9 SYSTEMPATH\Commands\Server\rewrite.php(47): require_once('C:\\xampp\\htdocs\\hungryguys-ci4-main\\public\\index.php')
ERROR - 2023-05-01 17:29:59 --> mysqli_sql_exception: You have an error in your SQL syntax; check the manual that corresponds to your MariaDB server version for the right syntax to use near 'username"]"' at line 1 in C:\xampp\htdocs\hungryguys-ci4-main\system\Database\MySQLi\Connection.php:295
Stack trace:
#0 C:\xampp\htdocs\hungryguys-ci4-main\system\Database\MySQLi\Connection.php(295): mysqli->query('SELECT * FROM a...', 0)
#1 C:\xampp\htdocs\hungryguys-ci4-main\system\Database\BaseConnection.php(692): CodeIgniter\Database\MySQLi\Connection->execute('SELECT * FROM a...')
#2 C:\xampp\htdocs\hungryguys-ci4-main\system\Database\BaseConnection.php(606): CodeIgniter\Database\BaseConnection->simpleQuery('SELECT * FROM a...')
#3 C:\xampp\htdocs\hungryguys-ci4-main\app\Controllers\Admin.php(28): CodeIgniter\Database\BaseConnection->query('SELECT * FROM a...')
#4 C:\xampp\htdocs\hungryguys-ci4-main\system\CodeIgniter.php(934): App\Controllers\Admin->login()
#5 C:\xampp\htdocs\hungryguys-ci4-main\system\CodeIgniter.php(499): CodeIgniter\CodeIgniter->runController(Object(App\Controllers\Admin))
#6 C:\xampp\htdocs\hungryguys-ci4-main\system\CodeIgniter.php(368): CodeIgniter\CodeIgniter->handleRequest(NULL, Object(Config\Cache), false)
#7 C:\xampp\htdocs\hungryguys-ci4-main\public\index.php(67): CodeIgniter\CodeIgniter->run()
#8 C:\xampp\htdocs\hungryguys-ci4-main\system\Commands\Server\rewrite.php(47): require_once('C:\\xampp\\htdocs...')
#9 {main}
CRITICAL - 2023-05-01 17:29:59 --> You have an error in your SQL syntax; check the manual that corresponds to your MariaDB server version for the right syntax to use near 'username"]"' at line 1
in SYSTEMPATH\Database\MySQLi\Connection.php on line 295.
 1 SYSTEMPATH\Database\MySQLi\Connection.php(295): mysqli->query('SELECT * FROM admin where username = "$postdata["username"]"', 0)
 2 SYSTEMPATH\Database\BaseConnection.php(692): CodeIgniter\Database\MySQLi\Connection->execute('SELECT * FROM admin where username = "$postdata["username"]"')
 3 SYSTEMPATH\Database\BaseConnection.php(606): CodeIgniter\Database\BaseConnection->simpleQuery('SELECT * FROM admin where username = "$postdata["username"]"')
 4 APPPATH\Controllers\Admin.php(28): CodeIgniter\Database\BaseConnection->query('SELECT * FROM admin where username = "$postdata["username"]"')
 5 SYSTEMPATH\CodeIgniter.php(934): App\Controllers\Admin->login()
 6 SYSTEMPATH\CodeIgniter.php(499): CodeIgniter\CodeIgniter->runController(Object(App\Controllers\Admin))
 7 SYSTEMPATH\CodeIgniter.php(368): CodeIgniter\CodeIgniter->handleRequest(null, Object(Config\Cache), false)
 8 FCPATH\index.php(67): CodeIgniter\CodeIgniter->run()
 9 SYSTEMPATH\Commands\Server\rewrite.php(47): require_once('C:\\xampp\\htdocs\\hungryguys-ci4-main\\public\\index.php')
INFO - 2023-05-01 17:30:19 --> Session: Class initialized using 'CodeIgniter\Session\Handlers\FileHandler' driver.
INFO - 2023-05-01 17:30:24 --> Session: Class initialized using 'CodeIgniter\Session\Handlers\FileHandler' driver.
INFO - 2023-05-01 17:30:30 --> Session: Class initialized using 'CodeIgniter\Session\Handlers\FileHandler' driver.
INFO - 2023-05-01 17:30:55 --> Session: Class initialized using 'CodeIgniter\Session\Handlers\FileHandler' driver.
INFO - 2023-05-01 17:31:03 --> Session: Class initialized using 'CodeIgniter\Session\Handlers\FileHandler' driver.
INFO - 2023-05-01 17:31:06 --> Session: Class initialized using 'CodeIgniter\Session\Handlers\FileHandler' driver.
INFO - 2023-05-01 17:31:48 --> Session: Class initialized using 'CodeIgniter\Session\Handlers\FileHandler' driver.
INFO - 2023-05-01 17:31:57 --> Session: Class initialized using 'CodeIgniter\Session\Handlers\FileHandler' driver.
INFO - 2023-05-01 17:32:09 --> Session: Class initialized using 'CodeIgniter\Session\Handlers\FileHandler' driver.
INFO - 2023-05-01 17:32:13 --> Session: Class initialized using 'CodeIgniter\Session\Handlers\FileHandler' driver.
INFO - 2023-05-01 17:32:33 --> Session: Class initialized using 'CodeIgniter\Session\Handlers\FileHandler' driver.
INFO - 2023-05-01 17:32:55 --> Session: Class initialized using 'CodeIgniter\Session\Handlers\FileHandler' driver.
INFO - 2023-05-01 17:33:08 --> Session: Class initialized using 'CodeIgniter\Session\Handlers\FileHandler' driver.
INFO - 2023-05-01 17:33:30 --> Session: Class initialized using 'CodeIgniter\Session\Handlers\FileHandler' driver.
INFO - 2023-05-01 17:33:36 --> Session: Class initialized using 'CodeIgniter\Session\Handlers\FileHandler' driver.
CRITICAL - 2023-05-01 17:34:19 --> syntax error, unexpected token "}", expecting ";"
in APPPATH\Controllers\Admin.php on line 34.
 1 SYSTEMPATH\Router\Router.php(507): CodeIgniter\Router\AutoRouter->getRoute('admin/login')
 2 SYSTEMPATH\Router\Router.php(206): CodeIgniter\Router\Router->autoRoute('admin/login')
 3 SYSTEMPATH\CodeIgniter.php(815): CodeIgniter\Router\Router->handle('admin/login')
 4 SYSTEMPATH\CodeIgniter.php(449): CodeIgniter\CodeIgniter->tryToRouteIt(Object(CodeIgniter\Router\RouteCollection))
 5 SYSTEMPATH\CodeIgniter.php(368): CodeIgniter\CodeIgniter->handleRequest(null, Object(Config\Cache), false)
 6 FCPATH\index.php(67): CodeIgniter\CodeIgniter->run()
 7 SYSTEMPATH\Commands\Server\rewrite.php(47): require_once('C:\\xampp\\htdocs\\hungryguys-ci4-main\\public\\index.php')
INFO - 2023-05-01 17:34:27 --> Session: Class initialized using 'CodeIgniter\Session\Handlers\FileHandler' driver.
INFO - 2023-05-01 17:34:32 --> Session: Class initialized using 'CodeIgniter\Session\Handlers\FileHandler' driver.
INFO - 2023-05-01 17:34:53 --> Session: Class initialized using 'CodeIgniter\Session\Handlers\FileHandler' driver.
INFO - 2023-05-01 17:35:47 --> Session: Class initialized using 'CodeIgniter\Session\Handlers\FileHandler' driver.
INFO - 2023-05-01 17:35:50 --> Session: Class initialized using 'CodeIgniter\Session\Handlers\FileHandler' driver.
CRITICAL - 2023-05-01 17:35:59 --> Call to undefined method CodeIgniter\HTTP\RedirectResponse::base_url()
in APPPATH\Controllers\Admin.php on line 31.
 1 SYSTEMPATH\CodeIgniter.php(934): App\Controllers\Admin->login()
 2 SYSTEMPATH\CodeIgniter.php(499): CodeIgniter\CodeIgniter->runController(Object(App\Controllers\Admin))
 3 SYSTEMPATH\CodeIgniter.php(368): CodeIgniter\CodeIgniter->handleRequest(null, Object(Config\Cache), false)
 4 FCPATH\index.php(67): CodeIgniter\CodeIgniter->run()
 5 SYSTEMPATH\Commands\Server\rewrite.php(47): require_once('C:\\xampp\\htdocs\\hungryguys-ci4-main\\public\\index.php')
INFO - 2023-05-01 17:36:45 --> Session: Class initialized using 'CodeIgniter\Session\Handlers\FileHandler' driver.
INFO - 2023-05-01 17:36:51 --> Session: Class initialized using 'CodeIgniter\Session\Handlers\FileHandler' driver.
INFO - 2023-05-01 17:36:58 --> Session: Class initialized using 'CodeIgniter\Session\Handlers\FileHandler' driver.
INFO - 2023-05-01 17:37:18 --> Session: Class initialized using 'CodeIgniter\Session\Handlers\FileHandler' driver.
INFO - 2023-05-01 17:37:23 --> Session: Class initialized using 'CodeIgniter\Session\Handlers\FileHandler' driver.
INFO - 2023-05-01 17:37:26 --> Session: Class initialized using 'CodeIgniter\Session\Handlers\FileHandler' driver.
INFO - 2023-05-01 17:38:20 --> Session: Class initialized using 'CodeIgniter\Session\Handlers\FileHandler' driver.
INFO - 2023-05-01 17:38:25 --> Session: Class initialized using 'CodeIgniter\Session\Handlers\FileHandler' driver.
INFO - 2023-05-01 17:38:30 --> Session: Class initialized using 'CodeIgniter\Session\Handlers\FileHandler' driver.
INFO - 2023-05-01 17:38:51 --> Session: Class initialized using 'CodeIgniter\Session\Handlers\FileHandler' driver.
