CRITICAL - 2023-05-13 03:27:00 --> Call to undefined method Midtrans\Transaction::setFinishUrl()
in APPPATH\Controllers\Payment.php on line 25.
 1 SYSTEMPATH\CodeIgniter.php(934): App\Controllers\Payment->index()
 2 SYSTEMPATH\CodeIgniter.php(499): CodeIgniter\CodeIgniter->runController(Object(App\Controllers\Payment))
 3 SYSTEMPATH\CodeIgniter.php(368): CodeIgniter\CodeIgniter->handleRequest(null, Object(Config\Cache), false)
 4 FCPATH\index.php(67): CodeIgniter\CodeIgniter->run()
 5 SYSTEMPATH\Commands\Server\rewrite.php(47): require_once('C:\\xampp\\htdocs\\hungryguys\\public\\index.php')
CRITICAL - 2023-05-13 03:27:12 --> Call to undefined method Midtrans\Transaction::setFinishUrl()
in APPPATH\Controllers\Payment.php on line 26.
 1 SYSTEMPATH\CodeIgniter.php(934): App\Controllers\Payment->index()
 2 SYSTEMPATH\CodeIgniter.php(499): CodeIgniter\CodeIgniter->runController(Object(App\Controllers\Payment))
 3 SYSTEMPATH\CodeIgniter.php(368): CodeIgniter\CodeIgniter->handleRequest(null, Object(Config\Cache), false)
 4 FCPATH\index.php(67): CodeIgniter\CodeIgniter->run()
 5 SYSTEMPATH\Commands\Server\rewrite.php(47): require_once('C:\\xampp\\htdocs\\hungryguys\\public\\index.php')
CRITICAL - 2023-05-13 03:27:14 --> Call to undefined method Midtrans\Transaction::setFinishUrl()
in APPPATH\Controllers\Payment.php on line 26.
 1 SYSTEMPATH\CodeIgniter.php(934): App\Controllers\Payment->index()
 2 SYSTEMPATH\CodeIgniter.php(499): CodeIgniter\CodeIgniter->runController(Object(App\Controllers\Payment))
 3 SYSTEMPATH\CodeIgniter.php(368): CodeIgniter\CodeIgniter->handleRequest(null, Object(Config\Cache), false)
 4 FCPATH\index.php(67): CodeIgniter\CodeIgniter->run()
 5 SYSTEMPATH\Commands\Server\rewrite.php(47): require_once('C:\\xampp\\htdocs\\hungryguys\\public\\index.php')
CRITICAL - 2023-05-13 03:29:33 --> Call to undefined method Midtrans\Transaction::setFinishUrl()
in APPPATH\Controllers\Payment.php on line 25.
 1 SYSTEMPATH\CodeIgniter.php(934): App\Controllers\Payment->index()
 2 SYSTEMPATH\CodeIgniter.php(499): CodeIgniter\CodeIgniter->runController(Object(App\Controllers\Payment))
 3 SYSTEMPATH\CodeIgniter.php(368): CodeIgniter\CodeIgniter->handleRequest(null, Object(Config\Cache), false)
 4 FCPATH\index.php(67): CodeIgniter\CodeIgniter->run()
 5 SYSTEMPATH\Commands\Server\rewrite.php(47): require_once('C:\\xampp\\htdocs\\hungryguys\\public\\index.php')
CRITICAL - 2023-05-13 03:29:34 --> Call to undefined method Midtrans\Transaction::setFinishUrl()
in APPPATH\Controllers\Payment.php on line 25.
 1 SYSTEMPATH\CodeIgniter.php(934): App\Controllers\Payment->index()
 2 SYSTEMPATH\CodeIgniter.php(499): CodeIgniter\CodeIgniter->runController(Object(App\Controllers\Payment))
 3 SYSTEMPATH\CodeIgniter.php(368): CodeIgniter\CodeIgniter->handleRequest(null, Object(Config\Cache), false)
 4 FCPATH\index.php(67): CodeIgniter\CodeIgniter->run()
 5 SYSTEMPATH\Commands\Server\rewrite.php(47): require_once('C:\\xampp\\htdocs\\hungryguys\\public\\index.php')
