CRITICAL - 2023-05-14 17:43:10 --> Midtrans API is returning API error. HTTP status code: 400 API response: {"error_messages":["transaction_details.gross_amount is required","transaction_details.gross_amount is not a number"]}
in VENDORPATH\midtrans\midtrans-php\Midtrans\ApiRequestor.php on line 167.
 1 VENDORPATH\midtrans\midtrans-php\Midtrans\ApiRequestor.php(39): Midtrans\ApiRequestor::remoteCall('https://app.sandbox.midtrans.com/snap/v1/transactions', 'SB-Mid-server-nNS3EILyAfaF_Ovt9TF4lzeA', [...], 'POST')
 2 VENDORPATH\midtrans\midtrans-php\Midtrans\Snap.php(109): Midtrans\ApiRequestor::post('https://app.sandbox.midtrans.com/snap/v1/transactions', 'SB-Mid-server-nNS3EILyAfaF_Ovt9TF4lzeA', [...])
 3 VENDORPATH\midtrans\midtrans-php\Midtrans\Snap.php(63): Midtrans\Snap::createTransaction([...])
 4 APPPATH\Controllers\Payment.php(45): Midtrans\Snap::getSnapUrl([...])
 5 SYSTEMPATH\CodeIgniter.php(934): App\Controllers\Payment->index()
 6 SYSTEMPATH\CodeIgniter.php(499): CodeIgniter\CodeIgniter->runController(Object(App\Controllers\Payment))
 7 SYSTEMPATH\CodeIgniter.php(368): CodeIgniter\CodeIgniter->handleRequest(null, Object(Config\Cache), false)
 8 FCPATH\index.php(67): CodeIgniter\CodeIgniter->run()
 9 SYSTEMPATH\Commands\Server\rewrite.php(47): require_once('D:\\Programming\\Project\\hungryguys\\public\\index.php')
CRITICAL - 2023-05-14 17:43:15 --> Midtrans API is returning API error. HTTP status code: 400 API response: {"error_messages":["transaction_details.gross_amount is required","transaction_details.gross_amount is not a number"]}
in VENDORPATH\midtrans\midtrans-php\Midtrans\ApiRequestor.php on line 167.
 1 VENDORPATH\midtrans\midtrans-php\Midtrans\ApiRequestor.php(39): Midtrans\ApiRequestor::remoteCall('https://app.sandbox.midtrans.com/snap/v1/transactions', 'SB-Mid-server-nNS3EILyAfaF_Ovt9TF4lzeA', [...], 'POST')
 2 VENDORPATH\midtrans\midtrans-php\Midtrans\Snap.php(109): Midtrans\ApiRequestor::post('https://app.sandbox.midtrans.com/snap/v1/transactions', 'SB-Mid-server-nNS3EILyAfaF_Ovt9TF4lzeA', [...])
 3 VENDORPATH\midtrans\midtrans-php\Midtrans\Snap.php(63): Midtrans\Snap::createTransaction([...])
 4 APPPATH\Controllers\Payment.php(45): Midtrans\Snap::getSnapUrl([...])
 5 SYSTEMPATH\CodeIgniter.php(934): App\Controllers\Payment->index()
 6 SYSTEMPATH\CodeIgniter.php(499): CodeIgniter\CodeIgniter->runController(Object(App\Controllers\Payment))
 7 SYSTEMPATH\CodeIgniter.php(368): CodeIgniter\CodeIgniter->handleRequest(null, Object(Config\Cache), false)
 8 FCPATH\index.php(67): CodeIgniter\CodeIgniter->run()
 9 SYSTEMPATH\Commands\Server\rewrite.php(47): require_once('D:\\Programming\\Project\\hungryguys\\public\\index.php')
