ERROR - 2023-05-20 13:19:34 --> Error connecting to the database: mysqli_sql_exception: No connection could be made because the target machine actively refused it.
 in D:\Programming\Project\hungryguys\system\Database\MySQLi\Connection.php:174
Stack trace:
#0 D:\Programming\Project\hungryguys\system\Database\MySQLi\Connection.php(174): mysqli->real_connect('localhost', 'root', '', 'hungryguys', 3306, '', 0)
#1 D:\Programming\Project\hungryguys\system\Database\BaseConnection.php(391): CodeIgniter\Database\MySQLi\Connection->connect(false)
#2 D:\Programming\Project\hungryguys\system\Database\BaseConnection.php(574): CodeIgniter\Database\BaseConnection->initialize()
#3 D:\Programming\Project\hungryguys\system\Database\BaseBuilder.php(1616): CodeIgniter\Database\BaseConnection->query('SELECT *\nFROM `...', Array, false)
#4 D:\Programming\Project\hungryguys\system\Model.php(241): CodeIgniter\Database\BaseBuilder->get()
#5 D:\Programming\Project\hungryguys\system\BaseModel.php(618): CodeIgniter\Model->doFindAll(0, 0)
#6 D:\Programming\Project\hungryguys\app\Controllers\Client.php(21): CodeIgniter\BaseModel->findAll()
#7 D:\Programming\Project\hungryguys\system\CodeIgniter.php(934): App\Controllers\Client->index()
#8 D:\Programming\Project\hungryguys\system\CodeIgniter.php(499): CodeIgniter\CodeIgniter->runController(Object(App\Controllers\Client))
#9 D:\Programming\Project\hungryguys\system\CodeIgniter.php(368): CodeIgniter\CodeIgniter->handleRequest(NULL, Object(Config\Cache), false)
#10 D:\Programming\Project\hungryguys\public\index.php(67): CodeIgniter\CodeIgniter->run()
#11 D:\Programming\Project\hungryguys\system\Commands\Server\rewrite.php(47): require_once('D:\\Programming\\...')
#12 {main}

Next CodeIgniter\Database\Exceptions\DatabaseException: No connection could be made because the target machine actively refused it.
 in D:\Programming\Project\hungryguys\system\Database\MySQLi\Connection.php:218
Stack trace:
#0 D:\Programming\Project\hungryguys\system\Database\BaseConnection.php(391): CodeIgniter\Database\MySQLi\Connection->connect(false)
#1 D:\Programming\Project\hungryguys\system\Database\BaseConnection.php(574): CodeIgniter\Database\BaseConnection->initialize()
#2 D:\Programming\Project\hungryguys\system\Database\BaseBuilder.php(1616): CodeIgniter\Database\BaseConnection->query('SELECT *\nFROM `...', Array, false)
#3 D:\Programming\Project\hungryguys\system\Model.php(241): CodeIgniter\Database\BaseBuilder->get()
#4 D:\Programming\Project\hungryguys\system\BaseModel.php(618): CodeIgniter\Model->doFindAll(0, 0)
#5 D:\Programming\Project\hungryguys\app\Controllers\Client.php(21): CodeIgniter\BaseModel->findAll()
#6 D:\Programming\Project\hungryguys\system\CodeIgniter.php(934): App\Controllers\Client->index()
#7 D:\Programming\Project\hungryguys\system\CodeIgniter.php(499): CodeIgniter\CodeIgniter->runController(Object(App\Controllers\Client))
#8 D:\Programming\Project\hungryguys\system\CodeIgniter.php(368): CodeIgniter\CodeIgniter->handleRequest(NULL, Object(Config\Cache), false)
#9 D:\Programming\Project\hungryguys\public\index.php(67): CodeIgniter\CodeIgniter->run()
#10 D:\Programming\Project\hungryguys\system\Commands\Server\rewrite.php(47): require_once('D:\\Programming\\...')
#11 {main}
CRITICAL - 2023-05-20 13:19:34 --> Unable to connect to the database.
Main connection [MySQLi]: No connection could be made because the target machine actively refused it.

in SYSTEMPATH\Database\BaseConnection.php on line 427.
 1 SYSTEMPATH\Database\BaseConnection.php(574): CodeIgniter\Database\BaseConnection->initialize()
 2 SYSTEMPATH\Database\BaseBuilder.php(1616): CodeIgniter\Database\BaseConnection->query('SELECT *
FROM `categories`', [], false)
 3 SYSTEMPATH\Model.php(241): CodeIgniter\Database\BaseBuilder->get()
 4 SYSTEMPATH\BaseModel.php(618): CodeIgniter\Model->doFindAll(0, 0)
 5 APPPATH\Controllers\Client.php(21): CodeIgniter\BaseModel->findAll()
 6 SYSTEMPATH\CodeIgniter.php(934): App\Controllers\Client->index()
 7 SYSTEMPATH\CodeIgniter.php(499): CodeIgniter\CodeIgniter->runController(Object(App\Controllers\Client))
 8 SYSTEMPATH\CodeIgniter.php(368): CodeIgniter\CodeIgniter->handleRequest(null, Object(Config\Cache), false)
 9 FCPATH\index.php(67): CodeIgniter\CodeIgniter->run()
10 SYSTEMPATH\Commands\Server\rewrite.php(47): require_once('D:\\Programming\\Project\\hungryguys\\public\\index.php')
